<?xml version="1.0" encoding="UTF-8"?>
<testng-results ignored="0" total="1" passed="1" failed="0" skipped="0">
  <reporter-output>
  </reporter-output>
  <suite started-at="2022-11-25T14:18:11 IST" name="Default suite" finished-at="2022-11-25T14:18:31 IST" duration-ms="20167">
    <groups>
    </groups>
    <test started-at="2022-11-25T14:18:11 IST" name="Default test" finished-at="2022-11-25T14:18:31 IST" duration-ms="20167">
      <class name="testScripts.TestCase4">
        <test-method is-config="true" signature="testSetUp()[pri:0, instance:testScripts.TestCase4@2d710f1a]" started-at="2022-11-25T14:18:11 IST" name="testSetUp" finished-at="2022-11-25T14:18:11 IST" duration-ms="15" status="PASS">
          <reporter-output>
          </reporter-output>
        </test-method> <!-- testSetUp -->
        <test-method is-config="true" signature="classSetUp()[pri:0, instance:testScripts.TestCase4@2d710f1a]" started-at="2022-11-25T14:18:11 IST" name="classSetUp" finished-at="2022-11-25T14:18:12 IST" duration-ms="1561" status="PASS">
          <reporter-output>
          </reporter-output>
        </test-method> <!-- classSetUp -->
        <test-method is-config="true" signature="methodSetUp()[pri:0, instance:testScripts.TestCase4@2d710f1a]" started-at="2022-11-25T14:18:12 IST" name="methodSetUp" finished-at="2022-11-25T14:18:20 IST" duration-ms="7929" status="PASS">
          <reporter-output>
          </reporter-output>
        </test-method> <!-- methodSetUp -->
        <test-method signature="fourthTest()[pri:0, instance:testScripts.TestCase4@2d710f1a]" started-at="2022-11-25T14:18:20 IST" name="fourthTest" finished-at="2022-11-25T14:18:30 IST" duration-ms="10037" status="PASS">
          <reporter-output>
          </reporter-output>
        </test-method> <!-- fourthTest -->
        <test-method is-config="true" signature="methodTearDown()[pri:0, instance:testScripts.TestCase4@2d710f1a]" started-at="2022-11-25T14:18:30 IST" name="methodTearDown" finished-at="2022-11-25T14:18:31 IST" duration-ms="562" status="PASS">
          <reporter-output>
          </reporter-output>
        </test-method> <!-- methodTearDown -->
        <test-method is-config="true" signature="classTearDown()[pri:0, instance:testScripts.TestCase4@2d710f1a]" started-at="2022-11-25T14:18:31 IST" name="classTearDown" finished-at="2022-11-25T14:18:31 IST" duration-ms="0" status="PASS">
          <reporter-output>
          </reporter-output>
        </test-method> <!-- classTearDown -->
      </class> <!-- testScripts.TestCase4 -->
    </test> <!-- Default test -->
  </suite> <!-- Default suite -->
</testng-results>
